This file contains any messages produced by compilers while
running configure, to aid debugging if configure makes a mistake.

It was created by libpng configure 1.5.2, which was
generated by GNU Autoconf 2.67.  Invocation command line was

  $ ./configure --prefix=/usr/local/xenon/usr --host=ppc-elf CC=xenon-gcc LD=xenon-ld LDFLAGS=-L/usr/local/xenon/usr/lib/ -L/usr/local/xenon/xenon/lib/32/ -lxenon -T/usr/local/xenon/app.lds -u read -u _start -u exc_base CFLAGS=-mcpu=cell -mtune=cell -m32 -fno-pic -mpowerpc64 -I/usr/local/xenon/usr/include/ host_alias=ppc-elf --no-create --no-recursion

## --------- ##
## Platform. ##
## --------- ##

hostname = LX
uname -m = i686
uname -r = 2.6.38-10-generic
uname -s = Linux
uname -v = #46-Ubuntu SMP Tue Jun 28 15:05:41 UTC 2011

/usr/bin/uname -p = unknown
/bin/uname -X     = unknown

/bin/arch              = unknown
/usr/bin/arch -k       = unknown
/usr/convex/getsysinfo = unknown
/usr/bin/hostinfo      = unknown
/bin/machine           = unknown
/usr/bin/oslevel       = unknown
/bin/universe          = unknown

PATH: /usr/local/sbin
PATH: /usr/local/bin
PATH: /usr/sbin
PATH: /usr/bin
PATH: /sbin
PATH: /bin
PATH: /usr/games
PATH: /usr/local/xenon/bin
PATH: /usr/local/xenon/usr/bin
PATH: /usr/local/xenon/bin
PATH: /usr/local/xenon/usr/bin


## ----------- ##
## Core tests. ##
## ----------- ##

configure:2430: checking for a BSD-compatible install
configure:2498: result: /usr/bin/install -c
configure:2509: checking whether build environment is sane
configure:2559: result: yes
configure:2608: checking for ppc-elf-strip
configure:2638: result: no
configure:2648: checking for strip
configure:2664: found /usr/bin/strip
configure:2675: result: strip
configure:2700: checking for a thread-safe mkdir -p
configure:2739: result: /bin/mkdir -p
configure:2752: checking for gawk
configure:2782: result: no
configure:2752: checking for mawk
configure:2768: found /usr/bin/mawk
configure:2779: result: mawk
configure:2790: checking whether make sets $(MAKE)
configure:2812: result: yes
configure:2893: checking whether to enable maintainer-specific portions of Makefiles
configure:2902: result: no
configure:2941: checking for ppc-elf-gcc
configure:2968: result: xenon-gcc
configure:3237: checking for C compiler version
configure:3246: xenon-gcc --version >&5
xenon-gcc (GCC) 4.4.0
Copyright (C) 2009 Free Software Foundation, Inc.
This is free software; see the source for copying conditions.  There is NO
warranty; not even for MERCHANTABILITY or FITNESS FOR A PARTICULAR PURPOSE.

configure:3257: $? = 0
configure:3246: xenon-gcc -v >&5
Using built-in specs.
Target: xenon
Configured with: ../gcc-4.4.0/configure --target=xenon --prefix=/usr/local/xenon --with-libiconv-prefix=/opt/local --enable-multilib --with-cpu=cell --with-gmp=/opt/local --with-mpfr=/opt/local --disable-decimal-float --enable-languages=c,c++ --disable-libssp --with-newlib --enable-cxx-flags=-G0 --disable-libgomp --disable-libmudflap --disable-nls --disable-shared --disable-threads --disable-linux-futex
Thread model: single
gcc version 4.4.0 (GCC) 
configure:3257: $? = 0
configure:3246: xenon-gcc -V >&5
xenon-gcc: '-V' option must have argument
configure:3257: $? = 1
configure:3246: xenon-gcc -qversion >&5
xenon-gcc: unrecognized option '-qversion'
xenon-gcc: no input files
configure:3257: $? = 1
configure:3277: checking whether the C compiler works
configure:3299: xenon-gcc -mcpu=cell -mtune=cell -m32 -fno-pic -mpowerpc64 -I/usr/local/xenon/usr/include/  -L/usr/local/xenon/usr/lib/ -L/usr/local/xenon/xenon/lib/32/ -lxenon -T/usr/local/xenon/app.lds -u read -u _start -u exc_base conftest.c  >&5
configure:3303: $? = 0
configure:3351: result: yes
configure:3354: checking for C compiler default output file name
configure:3356: result: a.out
configure:3362: checking for suffix of executables
configure:3369: xenon-gcc -o conftest -mcpu=cell -mtune=cell -m32 -fno-pic -mpowerpc64 -I/usr/local/xenon/usr/include/  -L/usr/local/xenon/usr/lib/ -L/usr/local/xenon/xenon/lib/32/ -lxenon -T/usr/local/xenon/app.lds -u read -u _start -u exc_base conftest.c  >&5
configure:3373: $? = 0
configure:3395: result: 
configure:3417: checking whether we are cross compiling
configure:3425: xenon-gcc -o conftest -mcpu=cell -mtune=cell -m32 -fno-pic -mpowerpc64 -I/usr/local/xenon/usr/include/  -L/usr/local/xenon/usr/lib/ -L/usr/local/xenon/xenon/lib/32/ -lxenon -T/usr/local/xenon/app.lds -u read -u _start -u exc_base conftest.c  >&5
configure:3429: $? = 0
configure:3436: ./conftest
./configure: line 3438: ./conftest: cannot execute binary file
configure:3440: $? = 126
configure:3455: result: yes
configure:3460: checking for suffix of object files
configure:3482: xenon-gcc -c -mcpu=cell -mtune=cell -m32 -fno-pic -mpowerpc64 -I/usr/local/xenon/usr/include/  conftest.c >&5
configure:3486: $? = 0
configure:3507: result: o
configure:3511: checking whether we are using the GNU C compiler
configure:3530: xenon-gcc -c -mcpu=cell -mtune=cell -m32 -fno-pic -mpowerpc64 -I/usr/local/xenon/usr/include/  conftest.c >&5
configure:3530: $? = 0
configure:3539: result: yes
configure:3548: checking whether xenon-gcc accepts -g
configure:3568: xenon-gcc -c -g  conftest.c >&5
configure:3568: $? = 0
configure:3609: result: yes
configure:3626: checking for xenon-gcc option to accept ISO C89
configure:3690: xenon-gcc  -c -mcpu=cell -mtune=cell -m32 -fno-pic -mpowerpc64 -I/usr/local/xenon/usr/include/  conftest.c >&5
configure:3690: $? = 0
configure:3703: result: none needed
configure:3734: checking for style of include used by make
configure:3762: result: GNU
configure:3787: checking dependency style of xenon-gcc
configure:3897: result: gcc3
configure:3916: checking build system type
configure:3930: result: i686-pc-linux-gnu
configure:3950: checking host system type
configure:3963: result: powerpc-unknown-elf
configure:3983: checking for a sed that does not truncate output
configure:4047: result: /bin/sed
configure:4065: checking for grep that handles long lines and -e
configure:4123: result: /bin/grep
configure:4128: checking for egrep
configure:4190: result: /bin/grep -E
configure:4195: checking for fgrep
configure:4257: result: /bin/grep -F
configure:4292: checking for ld used by xenon-gcc
configure:4359: result: xenon-ld
configure:4366: checking if the linker (xenon-ld) is GNU ld
configure:4381: result: yes
configure:4398: checking how to run the C preprocessor
configure:4429: xenon-gcc -E  conftest.c
configure:4429: $? = 0
configure:4443: xenon-gcc -E  conftest.c
conftest.c:11:28: error: ac_nonexistent.h: No such file or directory
configure:4443: $? = 1
configure: failed program was:
| /* confdefs.h */
| #define PACKAGE_NAME "libpng"
| #define PACKAGE_TARNAME "libpng"
| #define PACKAGE_VERSION "1.5.2"
| #define PACKAGE_STRING "libpng 1.5.2"
| #define PACKAGE_BUGREPORT "png-mng-implement@lists.sourceforge.net"
| #define PACKAGE_URL ""
| #define PACKAGE "libpng"
| #define VERSION "1.5.2"
| /* end confdefs.h.  */
| #include <ac_nonexistent.h>
configure:4468: result: xenon-gcc -E
configure:4488: xenon-gcc -E  conftest.c
configure:4488: $? = 0
configure:4502: xenon-gcc -E  conftest.c
conftest.c:11:28: error: ac_nonexistent.h: No such file or directory
configure:4502: $? = 1
configure: failed program was:
| /* confdefs.h */
| #define PACKAGE_NAME "libpng"
| #define PACKAGE_TARNAME "libpng"
| #define PACKAGE_VERSION "1.5.2"
| #define PACKAGE_STRING "libpng 1.5.2"
| #define PACKAGE_BUGREPORT "png-mng-implement@lists.sourceforge.net"
| #define PACKAGE_URL ""
| #define PACKAGE "libpng"
| #define VERSION "1.5.2"
| /* end confdefs.h.  */
| #include <ac_nonexistent.h>
configure:4533: checking for ppc-elf-sed
configure:4560: result: /bin/sed
configure:4625: checking for ppc-elf-awk
configure:4652: result: mawk
configure:4715: checking whether ln -s works
configure:4719: result: yes
configure:4726: checking whether make sets $(MAKE)
configure:4748: result: yes
configure:4782: checking for BSD- or MS-compatible name lister (nm)
configure:4831: result: no
configure:4842: checking for ppc-elf-dumpbin
configure:4872: result: no
configure:4842: checking for ppc-elf-link
configure:4872: result: no
configure:4886: checking for dumpbin
configure:4916: result: no
configure:4886: checking for link
configure:4902: found /usr/bin/link
configure:4913: result: link -dump -symbols
configure:4929: WARNING: using cross tools not prefixed with host triplet
configure:4949: checking the name lister (link -dump -symbols) interface
configure:4956: xenon-gcc -c -mcpu=cell -mtune=cell -m32 -fno-pic -mpowerpc64 -I/usr/local/xenon/usr/include/  conftest.c >&5
configure:4959: link -dump -symbols "conftest.o"
link: invalid option -- 'd'
Try `link --help' for more information.
configure:4962: output
configure:4969: result: BSD nm
configure:4973: checking the maximum length of command line arguments
configure:5093: result: 805306365
configure:5110: checking whether the shell understands some XSI constructs
configure:5120: result: yes
configure:5124: checking whether the shell understands "+="
configure:5130: result: yes
configure:5165: checking for xenon-ld option to reload object files
configure:5172: result: -r
configure:5201: checking for ppc-elf-objdump
configure:5231: result: no
configure:5241: checking for objdump
configure:5257: found /usr/bin/objdump
configure:5268: result: objdump
configure:5297: checking how to recognize dependent libraries
configure:5493: result: unknown
configure:5513: checking for ppc-elf-ar
configure:5543: result: no
configure:5553: checking for ar
configure:5569: found /usr/bin/ar
configure:5580: result: ar
configure:5618: checking for ppc-elf-strip
configure:5645: result: strip
configure:5717: checking for ppc-elf-ranlib
configure:5747: result: no
configure:5757: checking for ranlib
configure:5773: found /usr/bin/ranlib
configure:5784: result: ranlib
configure:5874: checking command to parse link -dump -symbols output from xenon-gcc object
configure:5992: xenon-gcc -c -mcpu=cell -mtune=cell -m32 -fno-pic -mpowerpc64 -I/usr/local/xenon/usr/include/  conftest.c >&5
configure:5995: $? = 0
configure:5999: link -dump -symbols conftest.o \| sed -n -e 's/^.*[	 ]\([BCDEGRST][BCDEGRST]*\)[	 ][	 ]*\([_A-Za-z][_A-Za-z0-9]*\)$/\1 \2 \2/p' \> conftest.nm
link: invalid option -- 'd'
Try `link --help' for more information.
configure:6002: $? = 0
cannot run sed -n -e 's/^.*[	 ]\([BCDEGRST][BCDEGRST]*\)[	 ][	 ]*\([_A-Za-z][_A-Za-z0-9]*\)$/\1 \2 \2/p'
configure:5992: xenon-gcc -c -mcpu=cell -mtune=cell -m32 -fno-pic -mpowerpc64 -I/usr/local/xenon/usr/include/  conftest.c >&5
configure:5995: $? = 0
configure:5999: link -dump -symbols conftest.o \| sed -n -e 's/^.*[	 ]\([BCDEGRST][BCDEGRST]*\)[	 ][	 ]*_\([_A-Za-z][_A-Za-z0-9]*\)$/\1 _\2 \2/p' \> conftest.nm
link: invalid option -- 'd'
Try `link --help' for more information.
configure:6002: $? = 0
cannot run sed -n -e 's/^.*[	 ]\([BCDEGRST][BCDEGRST]*\)[	 ][	 ]*_\([_A-Za-z][_A-Za-z0-9]*\)$/\1 _\2 \2/p'
configure:6094: result: failed
configure:6902: checking for ANSI C header files
configure:6922: xenon-gcc -c -mcpu=cell -mtune=cell -m32 -fno-pic -mpowerpc64 -I/usr/local/xenon/usr/include/  conftest.c >&5
configure:6922: $? = 0
configure:7006: result: yes
configure:7019: checking for sys/types.h
configure:7019: xenon-gcc -c -mcpu=cell -mtune=cell -m32 -fno-pic -mpowerpc64 -I/usr/local/xenon/usr/include/  conftest.c >&5
configure:7019: $? = 0
configure:7019: result: yes
configure:7019: checking for sys/stat.h
configure:7019: xenon-gcc -c -mcpu=cell -mtune=cell -m32 -fno-pic -mpowerpc64 -I/usr/local/xenon/usr/include/  conftest.c >&5
configure:7019: $? = 0
configure:7019: result: yes
configure:7019: checking for stdlib.h
configure:7019: xenon-gcc -c -mcpu=cell -mtune=cell -m32 -fno-pic -mpowerpc64 -I/usr/local/xenon/usr/include/  conftest.c >&5
configure:7019: $? = 0
configure:7019: result: yes
configure:7019: checking for string.h
configure:7019: xenon-gcc -c -mcpu=cell -mtune=cell -m32 -fno-pic -mpowerpc64 -I/usr/local/xenon/usr/include/  conftest.c >&5
configure:7019: $? = 0
configure:7019: result: yes
configure:7019: checking for memory.h
configure:7019: xenon-gcc -c -mcpu=cell -mtune=cell -m32 -fno-pic -mpowerpc64 -I/usr/local/xenon/usr/include/  conftest.c >&5
conftest.c:50:20: error: memory.h: No such file or directory
configure:7019: $? = 1
configure: failed program was:
| /* confdefs.h */
| #define PACKAGE_NAME "libpng"
| #define PACKAGE_TARNAME "libpng"
| #define PACKAGE_VERSION "1.5.2"
| #define PACKAGE_STRING "libpng 1.5.2"
| #define PACKAGE_BUGREPORT "png-mng-implement@lists.sourceforge.net"
| #define PACKAGE_URL ""
| #define PACKAGE "libpng"
| #define VERSION "1.5.2"
| #define STDC_HEADERS 1
| #define HAVE_SYS_TYPES_H 1
| #define HAVE_SYS_STAT_H 1
| #define HAVE_STDLIB_H 1
| #define HAVE_STRING_H 1
| /* end confdefs.h.  */
| #include <stdio.h>
| #ifdef HAVE_SYS_TYPES_H
| # include <sys/types.h>
| #endif
| #ifdef HAVE_SYS_STAT_H
| # include <sys/stat.h>
| #endif
| #ifdef STDC_HEADERS
| # include <stdlib.h>
| # include <stddef.h>
| #else
| # ifdef HAVE_STDLIB_H
| #  include <stdlib.h>
| # endif
| #endif
| #ifdef HAVE_STRING_H
| # if !defined STDC_HEADERS && defined HAVE_MEMORY_H
| #  include <memory.h>
| # endif
| # include <string.h>
| #endif
| #ifdef HAVE_STRINGS_H
| # include <strings.h>
| #endif
| #ifdef HAVE_INTTYPES_H
| # include <inttypes.h>
| #endif
| #ifdef HAVE_STDINT_H
| # include <stdint.h>
| #endif
| #ifdef HAVE_UNISTD_H
| # include <unistd.h>
| #endif
| 
| #include <memory.h>
configure:7019: result: no
configure:7019: checking for strings.h
configure:7019: xenon-gcc -c -mcpu=cell -mtune=cell -m32 -fno-pic -mpowerpc64 -I/usr/local/xenon/usr/include/  conftest.c >&5
conftest.c:50:21: error: strings.h: No such file or directory
configure:7019: $? = 1
configure: failed program was:
| /* confdefs.h */
| #define PACKAGE_NAME "libpng"
| #define PACKAGE_TARNAME "libpng"
| #define PACKAGE_VERSION "1.5.2"
| #define PACKAGE_STRING "libpng 1.5.2"
| #define PACKAGE_BUGREPORT "png-mng-implement@lists.sourceforge.net"
| #define PACKAGE_URL ""
| #define PACKAGE "libpng"
| #define VERSION "1.5.2"
| #define STDC_HEADERS 1
| #define HAVE_SYS_TYPES_H 1
| #define HAVE_SYS_STAT_H 1
| #define HAVE_STDLIB_H 1
| #define HAVE_STRING_H 1
| /* end confdefs.h.  */
| #include <stdio.h>
| #ifdef HAVE_SYS_TYPES_H
| # include <sys/types.h>
| #endif
| #ifdef HAVE_SYS_STAT_H
| # include <sys/stat.h>
| #endif
| #ifdef STDC_HEADERS
| # include <stdlib.h>
| # include <stddef.h>
| #else
| # ifdef HAVE_STDLIB_H
| #  include <stdlib.h>
| # endif
| #endif
| #ifdef HAVE_STRING_H
| # if !defined STDC_HEADERS && defined HAVE_MEMORY_H
| #  include <memory.h>
| # endif
| # include <string.h>
| #endif
| #ifdef HAVE_STRINGS_H
| # include <strings.h>
| #endif
| #ifdef HAVE_INTTYPES_H
| # include <inttypes.h>
| #endif
| #ifdef HAVE_STDINT_H
| # include <stdint.h>
| #endif
| #ifdef HAVE_UNISTD_H
| # include <unistd.h>
| #endif
| 
| #include <strings.h>
configure:7019: result: no
configure:7019: checking for inttypes.h
configure:7019: xenon-gcc -c -mcpu=cell -mtune=cell -m32 -fno-pic -mpowerpc64 -I/usr/local/xenon/usr/include/  conftest.c >&5
configure:7019: $? = 0
configure:7019: result: yes
configure:7019: checking for stdint.h
configure:7019: xenon-gcc -c -mcpu=cell -mtune=cell -m32 -fno-pic -mpowerpc64 -I/usr/local/xenon/usr/include/  conftest.c >&5
configure:7019: $? = 0
configure:7019: result: yes
configure:7019: checking for unistd.h
configure:7019: xenon-gcc -c -mcpu=cell -mtune=cell -m32 -fno-pic -mpowerpc64 -I/usr/local/xenon/usr/include/  conftest.c >&5
configure:7019: $? = 0
configure:7019: result: yes
configure:7033: checking for dlfcn.h
configure:7033: xenon-gcc -c -mcpu=cell -mtune=cell -m32 -fno-pic -mpowerpc64 -I/usr/local/xenon/usr/include/  conftest.c >&5
conftest.c:53:19: error: dlfcn.h: No such file or directory
configure:7033: $? = 1
configure: failed program was:
| /* confdefs.h */
| #define PACKAGE_NAME "libpng"
| #define PACKAGE_TARNAME "libpng"
| #define PACKAGE_VERSION "1.5.2"
| #define PACKAGE_STRING "libpng 1.5.2"
| #define PACKAGE_BUGREPORT "png-mng-implement@lists.sourceforge.net"
| #define PACKAGE_URL ""
| #define PACKAGE "libpng"
| #define VERSION "1.5.2"
| #define STDC_HEADERS 1
| #define HAVE_SYS_TYPES_H 1
| #define HAVE_SYS_STAT_H 1
| #define HAVE_STDLIB_H 1
| #define HAVE_STRING_H 1
| #define HAVE_INTTYPES_H 1
| #define HAVE_STDINT_H 1
| #define HAVE_UNISTD_H 1
| /* end confdefs.h.  */
| #include <stdio.h>
| #ifdef HAVE_SYS_TYPES_H
| # include <sys/types.h>
| #endif
| #ifdef HAVE_SYS_STAT_H
| # include <sys/stat.h>
| #endif
| #ifdef STDC_HEADERS
| # include <stdlib.h>
| # include <stddef.h>
| #else
| # ifdef HAVE_STDLIB_H
| #  include <stdlib.h>
| # endif
| #endif
| #ifdef HAVE_STRING_H
| # if !defined STDC_HEADERS && defined HAVE_MEMORY_H
| #  include <memory.h>
| # endif
| # include <string.h>
| #endif
| #ifdef HAVE_STRINGS_H
| # include <strings.h>
| #endif
| #ifdef HAVE_INTTYPES_H
| # include <inttypes.h>
| #endif
| #ifdef HAVE_STDINT_H
| # include <stdint.h>
| #endif
| #ifdef HAVE_UNISTD_H
| # include <unistd.h>
| #endif
| 
| #include <dlfcn.h>
configure:7033: result: no
configure:7515: checking for objdir
configure:7530: result: .libs
configure:7822: checking if xenon-gcc supports -fno-rtti -fno-exceptions
configure:7840: xenon-gcc -c -mcpu=cell -mtune=cell -m32 -fno-pic -mpowerpc64 -I/usr/local/xenon/usr/include/  -fno-rtti -fno-exceptions conftest.c >&5
cc1: warning: command line option "-fno-rtti" is valid for C++/ObjC++ but not for C
configure:7844: $? = 0
configure:7857: result: no
configure:7877: checking for xenon-gcc option to produce PIC
configure:8149: result: -fPIC -DPIC
configure:8161: checking if xenon-gcc PIC flag -fPIC -DPIC works
configure:8179: xenon-gcc -c -mcpu=cell -mtune=cell -m32 -fno-pic -mpowerpc64 -I/usr/local/xenon/usr/include/  -fPIC -DPIC -DPIC conftest.c >&5
configure:8183: $? = 0
configure:8196: result: yes
configure:8220: checking if xenon-gcc static flag -static works
configure:8248: result: yes
configure:8263: checking if xenon-gcc supports -c -o file.o
configure:8284: xenon-gcc -c -mcpu=cell -mtune=cell -m32 -fno-pic -mpowerpc64 -I/usr/local/xenon/usr/include/  -o out/conftest2.o conftest.c >&5
configure:8288: $? = 0
configure:8310: result: yes
configure:8318: checking if xenon-gcc supports -c -o file.o
configure:8365: result: yes
configure:8398: checking whether the xenon-gcc linker (xenon-ld) supports shared libraries
configure:9389: result: yes
configure:9426: checking whether -lc should be explicitly linked in
configure:9431: xenon-gcc -c -mcpu=cell -mtune=cell -m32 -fno-pic -mpowerpc64 -I/usr/local/xenon/usr/include/  conftest.c >&5
configure:9434: $? = 0
configure:9449: xenon-gcc -shared conftest.o  -v -Wl,-soname -Wl,conftest -o conftest 2\>\&1 \| /bin/grep  -lc  \>/dev/null 2\>\&1
configure:9452: $? = 0
configure:9464: result: no
configure:9628: checking dynamic linker characteristics
configure:10291: result: no
configure:10393: checking how to hardcode library paths into programs
configure:10418: result: immediate
configure:10938: checking whether stripping libraries is possible
configure:10943: result: yes
configure:10978: checking if libtool supports shared libraries
configure:10980: result: no
configure:10983: checking whether to build shared libraries
configure:11004: result: no
configure:11007: checking whether to build static libraries
configure:11011: result: yes
configure:11051: checking for a C preprocessor that does not parse its input
configure:11057: xenon-gcc -E  conftest.c
configure:11057: $? = 0
configure:11077: result: xenon-gcc -E
configure:11088: checking for ANSI C header files
configure:11192: result: yes
configure:11203: checking malloc.h usability
configure:11203: xenon-gcc -c -mcpu=cell -mtune=cell -m32 -fno-pic -mpowerpc64 -I/usr/local/xenon/usr/include/  conftest.c >&5
configure:11203: $? = 0
configure:11203: result: yes
configure:11203: checking malloc.h presence
configure:11203: xenon-gcc -E  conftest.c
configure:11203: $? = 0
configure:11203: result: yes
configure:11203: checking for malloc.h
configure:11203: result: yes
configure:11203: checking for stdlib.h
configure:11203: result: yes
configure:11203: checking for string.h
configure:11203: result: yes
configure:11203: checking for strings.h
configure:11203: result: no
configure:11215: checking for an ANSI C-conforming const
configure:11280: xenon-gcc -c -mcpu=cell -mtune=cell -m32 -fno-pic -mpowerpc64 -I/usr/local/xenon/usr/include/  conftest.c >&5
configure:11280: $? = 0
configure:11287: result: yes
configure:11295: checking for size_t
configure:11295: xenon-gcc -c -mcpu=cell -mtune=cell -m32 -fno-pic -mpowerpc64 -I/usr/local/xenon/usr/include/  conftest.c >&5
configure:11295: $? = 0
configure:11295: xenon-gcc -c -mcpu=cell -mtune=cell -m32 -fno-pic -mpowerpc64 -I/usr/local/xenon/usr/include/  conftest.c >&5
conftest.c: In function 'main':
conftest.c:60: error: expected expression before ')' token
configure:11295: $? = 1
configure: failed program was:
| /* confdefs.h */
| #define PACKAGE_NAME "libpng"
| #define PACKAGE_TARNAME "libpng"
| #define PACKAGE_VERSION "1.5.2"
| #define PACKAGE_STRING "libpng 1.5.2"
| #define PACKAGE_BUGREPORT "png-mng-implement@lists.sourceforge.net"
| #define PACKAGE_URL ""
| #define PACKAGE "libpng"
| #define VERSION "1.5.2"
| #define STDC_HEADERS 1
| #define HAVE_SYS_TYPES_H 1
| #define HAVE_SYS_STAT_H 1
| #define HAVE_STDLIB_H 1
| #define HAVE_STRING_H 1
| #define HAVE_INTTYPES_H 1
| #define HAVE_STDINT_H 1
| #define HAVE_UNISTD_H 1
| #define LT_OBJDIR ".libs/"
| #define STDC_HEADERS 1
| #define HAVE_MALLOC_H 1
| #define HAVE_STDLIB_H 1
| #define HAVE_STRING_H 1
| /* end confdefs.h.  */
| #include <stdio.h>
| #ifdef HAVE_SYS_TYPES_H
| # include <sys/types.h>
| #endif
| #ifdef HAVE_SYS_STAT_H
| # include <sys/stat.h>
| #endif
| #ifdef STDC_HEADERS
| # include <stdlib.h>
| # include <stddef.h>
| #else
| # ifdef HAVE_STDLIB_H
| #  include <stdlib.h>
| # endif
| #endif
| #ifdef HAVE_STRING_H
| # if !defined STDC_HEADERS && defined HAVE_MEMORY_H
| #  include <memory.h>
| # endif
| # include <string.h>
| #endif
| #ifdef HAVE_STRINGS_H
| # include <strings.h>
| #endif
| #ifdef HAVE_INTTYPES_H
| # include <inttypes.h>
| #endif
| #ifdef HAVE_STDINT_H
| # include <stdint.h>
| #endif
| #ifdef HAVE_UNISTD_H
| # include <unistd.h>
| #endif
| int
| main ()
| {
| if (sizeof ((size_t)))
| 	    return 0;
|   ;
|   return 0;
| }
configure:11295: result: yes
configure:11306: checking whether struct tm is in sys/time.h or time.h
configure:11326: xenon-gcc -c -mcpu=cell -mtune=cell -m32 -fno-pic -mpowerpc64 -I/usr/local/xenon/usr/include/  conftest.c >&5
configure:11326: $? = 0
configure:11333: result: time.h
configure:11343: checking for working strtod
configure:11394: result: no
configure:11403: checking for pow
configure:11403: xenon-gcc -o conftest -mcpu=cell -mtune=cell -m32 -fno-pic -mpowerpc64 -I/usr/local/xenon/usr/include/  -L/usr/local/xenon/usr/lib/ -L/usr/local/xenon/xenon/lib/32/ -lxenon -T/usr/local/xenon/app.lds -u read -u _start -u exc_base conftest.c  >&5
conftest.c:47: warning: conflicting types for built-in function 'pow'
/tmp/cco2hyLA.o: In function `main':
conftest.c:(.text+0x14): undefined reference to `pow'
collect2: ld returned 1 exit status
configure:11403: $? = 1
configure: failed program was:
| /* confdefs.h */
| #define PACKAGE_NAME "libpng"
| #define PACKAGE_TARNAME "libpng"
| #define PACKAGE_VERSION "1.5.2"
| #define PACKAGE_STRING "libpng 1.5.2"
| #define PACKAGE_BUGREPORT "png-mng-implement@lists.sourceforge.net"
| #define PACKAGE_URL ""
| #define PACKAGE "libpng"
| #define VERSION "1.5.2"
| #define STDC_HEADERS 1
| #define HAVE_SYS_TYPES_H 1
| #define HAVE_SYS_STAT_H 1
| #define HAVE_STDLIB_H 1
| #define HAVE_STRING_H 1
| #define HAVE_INTTYPES_H 1
| #define HAVE_STDINT_H 1
| #define HAVE_UNISTD_H 1
| #define LT_OBJDIR ".libs/"
| #define STDC_HEADERS 1
| #define HAVE_MALLOC_H 1
| #define HAVE_STDLIB_H 1
| #define HAVE_STRING_H 1
| /* end confdefs.h.  */
| /* Define pow to an innocuous variant, in case <limits.h> declares pow.
|    For example, HP-UX 11i <limits.h> declares gettimeofday.  */
| #define pow innocuous_pow
| 
| /* System header to define __stub macros and hopefully few prototypes,
|     which can conflict with char pow (); below.
|     Prefer <limits.h> to <assert.h> if __STDC__ is defined, since
|     <limits.h> exists even on freestanding compilers.  */
| 
| #ifdef __STDC__
| # include <limits.h>
| #else
| # include <assert.h>
| #endif
| 
| #undef pow
| 
| /* Override any GCC internal prototype to avoid an error.
|    Use char because int might match the return type of a GCC
|    builtin and then its argument prototype would still apply.  */
| #ifdef __cplusplus
| extern "C"
| #endif
| char pow ();
| /* The GNU C library defines this for functions which it implements
|     to always fail with ENOSYS.  Some functions are actually named
|     something starting with __ and the normal name is an alias.  */
| #if defined __stub_pow || defined __stub___pow
| choke me
| #endif
| 
| int
| main ()
| {
| return pow ();
|   ;
|   return 0;
| }
configure:11403: result: no
configure:11409: checking for pow in -lm
configure:11434: xenon-gcc -o conftest -mcpu=cell -mtune=cell -m32 -fno-pic -mpowerpc64 -I/usr/local/xenon/usr/include/  -L/usr/local/xenon/usr/lib/ -L/usr/local/xenon/xenon/lib/32/ -lxenon -T/usr/local/xenon/app.lds -u read -u _start -u exc_base conftest.c -lm   >&5
conftest.c:31: warning: conflicting types for built-in function 'pow'
configure:11434: $? = 0
configure:11443: result: yes
configure:11458: checking for memset
configure:11458: xenon-gcc -o conftest -mcpu=cell -mtune=cell -m32 -fno-pic -mpowerpc64 -I/usr/local/xenon/usr/include/  -L/usr/local/xenon/usr/lib/ -L/usr/local/xenon/xenon/lib/32/ -lxenon -T/usr/local/xenon/app.lds -u read -u _start -u exc_base conftest.c  >&5
conftest.c:47: warning: conflicting types for built-in function 'memset'
configure:11458: $? = 0
configure:11458: result: yes
configure:11471: checking for pow
configure:11471: result: no
configure:11478: checking for pow in -lm
configure:11512: result: yes
configure:11536: checking for zlibVersion in -lz
configure:11561: xenon-gcc -o conftest -mcpu=cell -mtune=cell -m32 -fno-pic -mpowerpc64 -I/usr/local/xenon/usr/include/  -L/usr/local/xenon/usr/lib/ -L/usr/local/xenon/xenon/lib/32/ -lxenon -T/usr/local/xenon/app.lds -u read -u _start -u exc_base conftest.c -lz  -lm  >&5
configure:11561: $? = 0
configure:11570: result: yes
configure:11637: checking if libraries can be versioned
configure:11652: result: yes
configure:11674: checking for symbol prefix
configure:11681: result: 
configure:11703: pkgconfig directory is ${libdir}/pkgconfig
configure:11856: creating ./config.status

## ---------------- ##
## Cache variables. ##
## ---------------- ##

ac_cv_build=i686-pc-linux-gnu
ac_cv_c_compiler_gnu=yes
ac_cv_c_const=yes
ac_cv_env_CC_set=set
ac_cv_env_CC_value=xenon-gcc
ac_cv_env_CFLAGS_set=set
ac_cv_env_CFLAGS_value='-mcpu=cell -mtune=cell -m32 -fno-pic -mpowerpc64 -I/usr/local/xenon/usr/include/'
ac_cv_env_CPPFLAGS_set=
ac_cv_env_CPPFLAGS_value=
ac_cv_env_CPP_set=
ac_cv_env_CPP_value=
ac_cv_env_LDFLAGS_set=set
ac_cv_env_LDFLAGS_value='-L/usr/local/xenon/usr/lib/ -L/usr/local/xenon/xenon/lib/32/ -lxenon -T/usr/local/xenon/app.lds -u read -u _start -u exc_base'
ac_cv_env_LIBS_set=
ac_cv_env_LIBS_value=
ac_cv_env_build_alias_set=
ac_cv_env_build_alias_value=
ac_cv_env_host_alias_set=set
ac_cv_env_host_alias_value=ppc-elf
ac_cv_env_target_alias_set=
ac_cv_env_target_alias_value=
ac_cv_func_memset=yes
ac_cv_func_pow=no
ac_cv_func_strtod=no
ac_cv_header_dlfcn_h=no
ac_cv_header_inttypes_h=yes
ac_cv_header_malloc_h=yes
ac_cv_header_memory_h=no
ac_cv_header_stdc=yes
ac_cv_header_stdint_h=yes
ac_cv_header_stdlib_h=yes
ac_cv_header_string_h=yes
ac_cv_header_strings_h=no
ac_cv_header_sys_stat_h=yes
ac_cv_header_sys_types_h=yes
ac_cv_header_unistd_h=yes
ac_cv_host=powerpc-unknown-elf
ac_cv_lib_m_pow=yes
ac_cv_lib_z_zlibVersion=yes
ac_cv_objext=o
ac_cv_path_EGREP='/bin/grep -E'
ac_cv_path_FGREP='/bin/grep -F'
ac_cv_path_GREP=/bin/grep
ac_cv_path_SED=/bin/sed
ac_cv_path_install='/usr/bin/install -c'
ac_cv_path_mkdir=/bin/mkdir
ac_cv_prog_AWK=mawk
ac_cv_prog_CC=xenon-gcc
ac_cv_prog_CPP='xenon-gcc -E'
ac_cv_prog_SED=/bin/sed
ac_cv_prog_STRIP=strip
ac_cv_prog_ac_ct_AR=ar
ac_cv_prog_ac_ct_DUMPBIN='link -dump -symbols'
ac_cv_prog_ac_ct_OBJDUMP=objdump
ac_cv_prog_ac_ct_RANLIB=ranlib
ac_cv_prog_ac_ct_STRIP=strip
ac_cv_prog_cc_c89=
ac_cv_prog_cc_g=yes
ac_cv_prog_make_make_set=yes
ac_cv_struct_tm=time.h
ac_cv_type_size_t=yes
am_cv_CC_dependencies_compiler_type=gcc3
lt_cv_deplibs_check_method=unknown
lt_cv_file_magic_cmd='$MAGIC_CMD'
lt_cv_file_magic_test_file=
lt_cv_ld_reload_flag=-r
lt_cv_nm_interface='BSD nm'
lt_cv_objdir=.libs
lt_cv_path_LD=xenon-ld
lt_cv_path_NM=no
lt_cv_prog_compiler_c_o=yes
lt_cv_prog_compiler_pic_works=yes
lt_cv_prog_compiler_rtti_exceptions=no
lt_cv_prog_compiler_static_works=yes
lt_cv_prog_gnu_ld=yes
lt_cv_sys_global_symbol_pipe=
lt_cv_sys_global_symbol_to_c_name_address='sed -n -e '\''s/^: \([^ ]*\) $/  {\"\1\", (void *) 0},/p'\'' -e '\''s/^[BCDEGRST]* \([^ ]*\) \([^ ]*\)$/  {"\2", (void *) \&\2},/p'\'''
lt_cv_sys_global_symbol_to_c_name_address_lib_prefix='sed -n -e '\''s/^: \([^ ]*\) $/  {\"\1\", (void *) 0},/p'\'' -e '\''s/^[BCDEGRST]* \([^ ]*\) \(lib[^ ]*\)$/  {"\2", (void *) \&\2},/p'\'' -e '\''s/^[BCDEGRST]* \([^ ]*\) \([^ ]*\)$/  {"lib\2", (void *) \&\2},/p'\'''
lt_cv_sys_global_symbol_to_cdecl=
lt_cv_sys_max_cmd_len=805306365

## ----------------- ##
## Output variables. ##
## ----------------- ##

ACLOCAL='${SHELL} /home/jqe/Documents/Tanks/libs/src/libpng-1.5.2/missing --run aclocal-1.11'
AMDEPBACKSLASH='\'
AMDEP_FALSE='#'
AMDEP_TRUE=''
AMTAR='${SHELL} /home/jqe/Documents/Tanks/libs/src/libpng-1.5.2/missing --run tar'
AR='ar'
AS='as'
AUTOCONF='${SHELL} /home/jqe/Documents/Tanks/libs/src/libpng-1.5.2/missing --run autoconf'
AUTOHEADER='${SHELL} /home/jqe/Documents/Tanks/libs/src/libpng-1.5.2/missing --run autoheader'
AUTOMAKE='${SHELL} /home/jqe/Documents/Tanks/libs/src/libpng-1.5.2/missing --run automake-1.11'
AWK='mawk'
CC='xenon-gcc'
CCDEPMODE='depmode=gcc3'
CFLAGS='-mcpu=cell -mtune=cell -m32 -fno-pic -mpowerpc64 -I/usr/local/xenon/usr/include/'
CPP='xenon-gcc -E'
CPPFLAGS=''
CYGPATH_W='echo'
DEFS='-DHAVE_CONFIG_H'
DEPDIR='.deps'
DFNCPP='xenon-gcc -E'
DLLTOOL='dlltool'
DSYMUTIL=''
DUMPBIN='link -dump -symbols'
ECHO_C=''
ECHO_N='-n'
ECHO_T=''
EGREP='/bin/grep -E'
EXEEXT=''
FGREP='/bin/grep -F'
GREP='/bin/grep'
HAVE_LD_VERSION_SCRIPT_FALSE='#'
HAVE_LD_VERSION_SCRIPT_TRUE=''
INSTALL_DATA='${INSTALL} -m 644'
INSTALL_PROGRAM='${INSTALL}'
INSTALL_SCRIPT='${INSTALL}'
INSTALL_STRIP_PROGRAM='$(install_sh) -c -s'
LD='xenon-ld'
LDFLAGS='-L/usr/local/xenon/usr/lib/ -L/usr/local/xenon/xenon/lib/32/ -lxenon -T/usr/local/xenon/app.lds -u read -u _start -u exc_base'
LIBOBJS=' ${LIBOBJDIR}strtod$U.o'
LIBPNG_DEFINES='-DPNG_CONFIGURE_LIBPNG'
LIBS='-lz -lm '
LIBTOOL='$(SHELL) $(top_builddir)/libtool'
LIPO=''
LN_S='ln -s'
LTLIBOBJS=' ${LIBOBJDIR}strtod$U.lo'
MAINT='#'
MAINTAINER_MODE_FALSE=''
MAINTAINER_MODE_TRUE='#'
MAKEINFO='${SHELL} /home/jqe/Documents/Tanks/libs/src/libpng-1.5.2/missing --run makeinfo'
MKDIR_P='/bin/mkdir -p'
NM='link -dump -symbols'
NMEDIT=''
OBJDUMP='objdump'
OBJEXT='o'
OTOOL64=''
OTOOL=''
PACKAGE='libpng'
PACKAGE_BUGREPORT='png-mng-implement@lists.sourceforge.net'
PACKAGE_NAME='libpng'
PACKAGE_STRING='libpng 1.5.2'
PACKAGE_TARNAME='libpng'
PACKAGE_URL=''
PACKAGE_VERSION='1.5.2'
PATH_SEPARATOR=':'
PNGLIB_MAJOR='1'
PNGLIB_MINOR='5'
PNGLIB_RELEASE='2'
PNGLIB_VERSION='1.5.2'
POW_LIB='-lm'
RANLIB='ranlib'
SED='/bin/sed'
SET_MAKE=''
SHELL='/bin/bash'
STRIP='strip'
SYMBOL_PREFIX=''
VERSION='1.5.2'
ac_ct_CC=''
ac_ct_DUMPBIN='link -dump -symbols'
am__EXEEXT_FALSE=''
am__EXEEXT_TRUE='#'
am__fastdepCC_FALSE='#'
am__fastdepCC_TRUE=''
am__include='include'
am__isrc=''
am__leading_dot='.'
am__quote=''
am__tar='${AMTAR} chof - "$$tardir"'
am__untar='${AMTAR} xf -'
binconfigs='${binconfigs}'
bindir='${exec_prefix}/bin'
build='i686-pc-linux-gnu'
build_alias=''
build_cpu='i686'
build_os='linux-gnu'
build_vendor='pc'
datadir='${datarootdir}'
datarootdir='${prefix}/share'
docdir='${datarootdir}/doc/${PACKAGE_TARNAME}'
dvidir='${docdir}'
exec_prefix='${prefix}'
host='powerpc-unknown-elf'
host_alias='ppc-elf'
host_cpu='powerpc'
host_os='elf'
host_vendor='unknown'
htmldir='${docdir}'
includedir='${prefix}/include'
infodir='${datarootdir}/info'
install_sh='${SHELL} /home/jqe/Documents/Tanks/libs/src/libpng-1.5.2/install-sh'
libdir='${exec_prefix}/lib'
libexecdir='${exec_prefix}/libexec'
localedir='${datarootdir}/locale'
localstatedir='${prefix}/var'
lt_ECHO='echo'
mandir='${datarootdir}/man'
mkdir_p='/bin/mkdir -p'
oldincludedir='/usr/include'
pdfdir='${docdir}'
pkgconfigdir='${libdir}/pkgconfig'
prefix='/usr/local/xenon/usr'
program_transform_name='s,x,x,'
psdir='${docdir}'
sbindir='${exec_prefix}/sbin'
sharedstatedir='${prefix}/com'
sysconfdir='${prefix}/etc'
target_alias=''

## ----------- ##
## confdefs.h. ##
## ----------- ##

/* confdefs.h */
#define PACKAGE_NAME "libpng"
#define PACKAGE_TARNAME "libpng"
#define PACKAGE_VERSION "1.5.2"
#define PACKAGE_STRING "libpng 1.5.2"
#define PACKAGE_BUGREPORT "png-mng-implement@lists.sourceforge.net"
#define PACKAGE_URL ""
#define PACKAGE "libpng"
#define VERSION "1.5.2"
#define STDC_HEADERS 1
#define HAVE_SYS_TYPES_H 1
#define HAVE_SYS_STAT_H 1
#define HAVE_STDLIB_H 1
#define HAVE_STRING_H 1
#define HAVE_INTTYPES_H 1
#define HAVE_STDINT_H 1
#define HAVE_UNISTD_H 1
#define LT_OBJDIR ".libs/"
#define STDC_HEADERS 1
#define HAVE_MALLOC_H 1
#define HAVE_STDLIB_H 1
#define HAVE_STRING_H 1
#define HAVE_MEMSET 1
#define HAVE_LIBM 1
#define HAVE_LIBZ 1

configure: exit 0

## ---------------------- ##
## Running config.status. ##
## ---------------------- ##

This file was extended by libpng config.status 1.5.2, which was
generated by GNU Autoconf 2.67.  Invocation command line was

  CONFIG_FILES    = 
  CONFIG_HEADERS  = 
  CONFIG_LINKS    = 
  CONFIG_COMMANDS = 
  $ ./config.status 

on LX

config.status:1090: creating Makefile
config.status:1090: creating libpng.pc
config.status:1090: creating libpng-config
config.status:1090: creating config.h
config.status:1270: config.h is unchanged
config.status:1318: executing depfiles commands
config.status:1318: executing libtool commands
