La génération a démarré 19/07/2011 11:44:06.
     1>Projet "C:\Users\cc\Documents\zlx\lzx\lzx.vcxproj" sur le nœud 2 (build cible(s)).
     1>InitializeBuildStatus:
         Création de "Debug-Win32\lzx.unsuccessfulbuild", car "AlwaysCreate" a été spécifié.
       ClCompile:
         Toutes les sorties sont à jour.
         c:\Program Files (x86)\Microsoft Visual Studio 10.0\VC\bin\CL.exe /c /ZI /nologo /W3 /WX- /Od /Oy- /D WIN32 /D _DEBUG /D _MBCS /Gm /MTd /GS- /fp:precise /Zc:wchar_t /Zc:forScope /Fo"Debug-Win32\\" /Fd"Debug-Win32\vc100.pdb" /Gd /TP /analyze- /errorReport:prompt Utils.cpp
         Utils.cpp
     1>c:\users\cc\documents\zlx\lzx\utils.cpp(180): warning C4996: 'fopen': This function or variable may be unsafe. Consider using fopen_s instead. To disable deprecation, use _CRT_SECURE_NO_WARNINGS. See online help for details.
                 c:\program files (x86)\microsoft visual studio 10.0\vc\include\stdio.h(234) : voir la déclaration de 'fopen'
         Toutes les sorties sont à jour.
       ManifestResourceCompile:
         Toutes les sorties sont à jour.
       Link:
         c:\Program Files (x86)\Microsoft Visual Studio 10.0\VC\bin\link.exe /ERRORREPORT:PROMPT /OUT:"C:\Users\cc\Documents\zlx\lzx\Debug-Win32\lzx.exe" /INCREMENTAL /NOLOGO d3dxof.lib dxguid.lib d3dx9d.lib d3d9.lib winmm.lib kernel32.lib user32.lib gdi32.lib winspool.lib comdlg32.lib advapi32.lib shell32.lib ole32.lib oleaut32.lib uuid.lib odbc32.lib odbccp32.lib /MANIFEST /ManifestFile:"Debug-Win32\lzx.exe.intermediate.manifest" /MANIFESTUAC:"level='asInvoker' uiAccess='false'" /DEBUG /PDB:"C:\Users\cc\Documents\zlx\lzx\Debug-Win32\lzx.pdb" /TLBID:1 /DYNAMICBASE /NXCOMPAT /IMPLIB:"C:\Users\cc\Documents\zlx\lzx\Debug-Win32\lzx.lib" /MACHINE:X86 "Debug-Win32\lzx.exe.embed.manifest.res"
         "Debug-Win32\menu1.obj"
         "Debug-Win32\Draw.obj"
         "Debug-Win32\Font.obj"
         "Debug-Win32\dirent.obj"
         "Debug-Win32\input.obj"
         "Debug-Win32\stdafx.obj"
         "Debug-Win32\Console.obj"
         "Debug-Win32\Utils.obj"
         "Debug-Win32\zlx.obj"
       Manifest:
         C:\Program Files (x86)\Microsoft SDKs\Windows\v7.0A\bin\mt.exe /nologo /verbose /out:"Debug-Win32\lzx.exe.embed.manifest" /manifest "Debug-Win32\lzx.exe.intermediate.manifest"
         Toutes les sorties sont à jour.
       LinkEmbedManifest:
         Toutes les sorties sont à jour.
         lzx.vcxproj -> C:\Users\cc\Documents\zlx\lzx\Debug-Win32\lzx.exe
       FinalizeBuildStatus:
         Suppression du fichier "Debug-Win32\lzx.unsuccessfulbuild".
         Mise à jour de l'horodatage "Debug-Win32\lzx.lastbuildstate".
     1>Génération du projet "C:\Users\cc\Documents\zlx\lzx\lzx.vcxproj" terminée (build cible(s)).

La génération a réussi.

Temps écoulé 00:00:09.13
